[0411/023520.670:ERROR:registration_protocol_win.cc(84)] TransactNamedPipe: The pipe has been ended. (0x6D)
[0411/094737.875:ERROR:registration_protocol_win.cc(84)] TransactNamedPipe: The pipe has been ended. (0x6D)
[0411/104647.628:ERROR:registration_protocol_win.cc(84)] TransactNamedPipe: The pipe has been ended. (0x6D)
[0411/122421.204:ERROR:registration_protocol_win.cc(84)] TransactNamedPipe: The pipe has been ended. (0x6D)
[0411/123909.134:ERROR:registration_protocol_win.cc(84)] TransactNamedPipe: The pipe has been ended. (0x6D)
[0411/125049.515:ERROR:registration_protocol_win.cc(84)] TransactNamedPipe: The pipe has been ended. (0x6D)
[0411/125654.984:ERROR:registration_protocol_win.cc(84)] TransactNamedPipe: The pipe has been ended. (0x6D)
[0411/131439.988:ERROR:registration_protocol_win.cc(84)] TransactNamedPipe: The pipe has been ended. (0x6D)
[0411/154626.506:ERROR:registration_protocol_win.cc(84)] TransactNamedPipe: The pipe has been ended. (0x6D)
[0411/155213.186:ERROR:registration_protocol_win.cc(84)] TransactNamedPipe: The pipe has been ended. (0x6D)
[0414/143710.687:ERROR:registration_protocol_win.cc(84)] TransactNamedPipe: The pipe has been ended. (0x6D)
[0414/173634.224:ERROR:registration_protocol_win.cc(84)] TransactNamedPipe: The pipe has been ended. (0x6D)
[0414/183039.127:ERROR:registration_protocol_win.cc(84)] TransactNamedPipe: The pipe has been ended. (0x6D)
[0414/191212.649:ERROR:registration_protocol_win.cc(84)] TransactNamedPipe: The pipe has been ended. (0x6D)
[0414/192221.907:ERROR:registration_protocol_win.cc(84)] TransactNamedPipe: The pipe has been ended. (0x6D)
[0414/202240.849:ERROR:registration_protocol_win.cc(84)] TransactNamedPipe: The pipe has been ended. (0x6D)
[0414/211713.080:ERROR:registration_protocol_win.cc(84)] TransactNamedPipe: The pipe has been ended. (0x6D)
[0415/071445.314:ERROR:registration_protocol_win.cc(84)] TransactNamedPipe: The pipe has been ended. (0x6D)
[0415/080017.775:ERROR:registration_protocol_win.cc(84)] TransactNamedPipe: The pipe has been ended. (0x6D)
[0415/094824.503:ERROR:registration_protocol_win.cc(84)] TransactNamedPipe: The pipe has been ended. (0x6D)
[0415/134031.520:ERROR:registration_protocol_win.cc(84)] TransactNamedPipe: The pipe has been ended. (0x6D)
[0415/171041.845:ERROR:registration_protocol_win.cc(84)] TransactNamedPipe: The pipe has been ended. (0x6D)
[0415/175556.684:ERROR:registration_protocol_win.cc(84)] TransactNamedPipe: The pipe has been ended. (0x6D)
[0416/213852.155:ERROR:process_memory_win.cc(73)] ReadMemory at 0x1b57452dfc0 of 72 bytes failed: Only part of a ReadProcessMemory or WriteProcessMemory request was completed. (0x12B)
[0416/213852.157:WARNING:pe_image_annotations_reader.cc(134)] could not read annotations list object in C:\Program Files (x86)\Google\Chrome\Application\81.0.4044.113\chrome_elf.dll
[0416/213852.158:ERROR:process_memory_win.cc(73)] ReadMemory at 0x1b57516d800 of 72 bytes failed: Only part of a ReadProcessMemory or WriteProcessMemory request was completed. (0x12B)
[0416/213852.158:WARNING:pe_image_annotations_reader.cc(134)] could not read annotations list object in C:\Program Files (x86)\Google\Chrome\Application\81.0.4044.113\chrome.dll
[0416/213852.219:ERROR:process_memory_win.cc(73)] ReadMemory at 0x1b57452dfc0 of 72 bytes failed: Only part of a ReadProcessMemory or WriteProcessMemory request was completed. (0x12B)
[0416/213852.219:WARNING:pe_image_annotations_reader.cc(134)] could not read annotations list object in C:\Program Files (x86)\Google\Chrome\Application\81.0.4044.113\chrome_elf.dll
[0416/213852.220:ERROR:process_memory_win.cc(73)] ReadMemory at 0x1b57516d800 of 72 bytes failed: Only part of a ReadProcessMemory or WriteProcessMemory request was completed. (0x12B)
[0416/213852.220:WARNING:pe_image_annotations_reader.cc(134)] could not read annotations list object in C:\Program Files (x86)\Google\Chrome\Application\81.0.4044.113\chrome.dll
[0416/213852.225:ERROR:process_memory_win.cc(73)] ReadMemory at 0x1b57452dfc0 of 72 bytes failed: Only part of a ReadProcessMemory or WriteProcessMemory request was completed. (0x12B)
[0416/213852.225:WARNING:pe_image_annotations_reader.cc(134)] could not read annotations list object in C:\Program Files (x86)\Google\Chrome\Application\81.0.4044.113\chrome_elf.dll
[0416/213852.225:ERROR:process_memory_win.cc(73)] ReadMemory at 0x1b57516d800 of 72 bytes failed: Only part of a ReadProcessMemory or WriteProcessMemory request was completed. (0x12B)
[0416/213852.225:WARNING:pe_image_annotations_reader.cc(134)] could not read annotations list object in C:\Program Files (x86)\Google\Chrome\Application\81.0.4044.113\chrome.dll
[0416/213852.226:ERROR:process_memory_win.cc(73)] ReadMemory at 0x1b57452dfc0 of 72 bytes failed: Only part of a ReadProcessMemory or WriteProcessMemory request was completed. (0x12B)
[0416/213852.226:WARNING:pe_image_annotations_reader.cc(134)] could not read annotations list object in C:\Program Files (x86)\Google\Chrome\Application\81.0.4044.113\chrome_elf.dll
[0416/213852.226:ERROR:process_memory_win.cc(73)] ReadMemory at 0x1b57516d800 of 72 bytes failed: Only part of a ReadProcessMemory or WriteProcessMemory request was completed. (0x12B)
[0416/213852.226:WARNING:pe_image_annotations_reader.cc(134)] could not read annotations list object in C:\Program Files (x86)\Google\Chrome\Application\81.0.4044.113\chrome.dll
[0416/213852.692:ERROR:process_memory_win.cc(73)] ReadMemory at 0xa5331fc000 of 16384 bytes failed: Only part of a ReadProcessMemory or WriteProcessMemory request was completed. (0x12B)
[0416/213852.692:ERROR:process_memory_win.cc(73)] ReadMemory at 0xa53187b000 of 852 bytes failed: Only part of a ReadProcessMemory or WriteProcessMemory request was completed. (0x12B)
[0416/213852.693:ERROR:process_memory_win.cc(73)] ReadMemory at 0xa531880000 of 6024 bytes failed: Only part of a ReadProcessMemory or WriteProcessMemory request was completed. (0x12B)
[0416/213852.693:ERROR:process_memory_win.cc(73)] ReadMemory at 0x1b574410fe0 of 20648 bytes failed: Only part of a ReadProcessMemory or WriteProcessMemory request was completed. (0x12B)
[0416/213852.693:ERROR:process_memory_win.cc(73)] ReadMemory at 0x1b574416090 of 1012 bytes failed: Only part of a ReadProcessMemory or WriteProcessMemory request was completed. (0x12B)
[0416/213852.693:ERROR:process_memory_win.cc(73)] ReadMemory at 0x1b5744166b8 of 118 bytes failed: Only part of a ReadProcessMemory or WriteProcessMemory request was completed. (0x12B)
[0416/213852.693:ERROR:process_memory_win.cc(73)] ReadMemory at 0x1b574416730 of 316 bytes failed: Only part of a ReadProcessMemory or WriteProcessMemory request was completed. (0x12B)
[0416/213852.693:ERROR:process_memory_win.cc(73)] ReadMemory at 0x1b57441686e of 118 bytes failed: Only part of a ReadProcessMemory or WriteProcessMemory request was completed. (0x12B)
[0416/213852.693:ERROR:process_memory_win.cc(73)] ReadMemory at 0x1b5744168e6 of 98 bytes failed: Only part of a ReadProcessMemory or WriteProcessMemory request was completed. (0x12B)
[0416/213852.693:ERROR:process_memory_win.cc(73)] ReadMemory at 0x1b574416960 of 58 bytes failed: Only part of a ReadProcessMemory or WriteProcessMemory request was completed. (0x12B)
[0416/213852.693:ERROR:process_memory_win.cc(73)] ReadMemory at 0x1b574416a60 of 132 bytes failed: Only part of a ReadProcessMemory or WriteProcessMemory request was completed. (0x12B)
[0416/213852.693:ERROR:process_memory_win.cc(73)] ReadMemory at 0x1b574416bf0 of 132 bytes failed: Only part of a ReadProcessMemory or WriteProcessMemory request was completed. (0x12B)
[0416/213852.693:ERROR:process_memory_win.cc(73)] ReadMemory at 0x1b574416db0 of 126 bytes failed: Only part of a ReadProcessMemory or WriteProcessMemory request was completed. (0x12B)
[0416/213852.693:ERROR:process_memory_win.cc(73)] ReadMemory at 0x1b574417190 of 132 bytes failed: Only part of a ReadProcessMemory or WriteProcessMemory request was completed. (0x12B)
[0416/213852.694:ERROR:process_memory_win.cc(73)] ReadMemory at 0x1b574417320 of 64 bytes failed: Only part of a ReadProcessMemory or WriteProcessMemory request was completed. (0x12B)
[0416/213852.694:ERROR:process_memory_win.cc(73)] ReadMemory at 0x1b5744174e0 of 132 bytes failed: Only part of a ReadProcessMemory or WriteProcessMemory request was completed. (0x12B)
[0416/213852.694:ERROR:process_memory_win.cc(73)] ReadMemory at 0x1b574417780 of 132 bytes failed: Only part of a ReadProcessMemory or WriteProcessMemory request was completed. (0x12B)
[0416/213852.694:ERROR:process_memory_win.cc(73)] ReadMemory at 0x1b574417910 of 68 bytes failed: Only part of a ReadProcessMemory or WriteProcessMemory request was completed. (0x12B)
[0416/213852.694:ERROR:process_memory_win.cc(73)] ReadMemory at 0x1b5744187f0 of 132 bytes failed: Only part of a ReadProcessMemory or WriteProcessMemory request was completed. (0x12B)
[0416/213852.694:ERROR:process_memory_win.cc(73)] ReadMemory at 0x1b574418980 of 154 bytes failed: Only part of a ReadProcessMemory or WriteProcessMemory request was completed. (0x12B)
[0416/213852.694:ERROR:process_memory_win.cc(73)] ReadMemory at 0x1b574419550 of 132 bytes failed: Only part of a ReadProcessMemory or WriteProcessMemory request was completed. (0x12B)
[0416/213852.694:ERROR:process_memory_win.cc(73)] ReadMemory at 0x1b574419790 of 62 bytes failed: Only part of a ReadProcessMemory or WriteProcessMemory request was completed. (0x12B)
[0416/213852.694:ERROR:process_memory_win.cc(73)] ReadMemory at 0x1b5744198a0 of 60 bytes failed: Only part of a ReadProcessMemory or WriteProcessMemory request was completed. (0x12B)
[0416/213852.694:ERROR:process_memory_win.cc(73)] ReadMemory at 0x1b5744198f0 of 132 bytes failed: Only part of a ReadProcessMemory or WriteProcessMemory request was completed. (0x12B)
[0416/213852.694:ERROR:process_memory_win.cc(73)] ReadMemory at 0x1b574419a80 of 60 bytes failed: Only part of a ReadProcessMemory or WriteProcessMemory request was completed. (0x12B)
[0416/213852.694:ERROR:process_memory_win.cc(73)] ReadMemory at 0x1b574419ad0 of 150 bytes failed: Only part of a ReadProcessMemory or WriteProcessMemory request was completed. (0x12B)
[0416/213852.694:ERROR:process_memory_win.cc(73)] ReadMemory at 0x1b57441a1c0 of 132 bytes failed: Only part of a ReadProcessMemory or WriteProcessMemory request was completed. (0x12B)
[0416/213852.695:ERROR:process_memory_win.cc(73)] ReadMemory at 0x1b57441c600 of 132 bytes failed: Only part of a ReadProcessMemory or WriteProcessMemory request was completed. (0x12B)
[0416/213852.695:ERROR:process_memory_win.cc(73)] ReadMemory at 0x1b57441c790 of 60 bytes failed: Only part of a ReadProcessMemory or WriteProcessMemory request was completed. (0x12B)
[0416/213852.695:ERROR:process_memory_win.cc(73)] ReadMemory at 0x1b57441ca30 of 132 bytes failed: Only part of a ReadProcessMemory or WriteProcessMemory request was completed. (0x12B)
[0416/213852.695:ERROR:process_memory_win.cc(73)] ReadMemory at 0x1b57441cbc0 of 60 bytes failed: Only part of a ReadProcessMemory or WriteProcessMemory request was completed. (0x12B)
[0416/213852.695:ERROR:process_memory_win.cc(73)] ReadMemory at 0x1b57441cd20 of 132 bytes failed: Only part of a ReadProcessMemory or WriteProcessMemory request was completed. (0x12B)
[0416/213852.695:ERROR:process_memory_win.cc(73)] ReadMemory at 0x1b57441ceb0 of 58 bytes failed: Only part of a ReadProcessMemory or WriteProcessMemory request was completed. (0x12B)
[0416/213852.695:ERROR:process_memory_win.cc(73)] ReadMemory at 0x1b57441f4d0 of 132 bytes failed: Only part of a ReadProcessMemory or WriteProcessMemory request was completed. (0x12B)
[0416/213852.695:ERROR:process_memory_win.cc(73)] ReadMemory at 0x1b57441f600 of 66 bytes failed: Only part of a ReadProcessMemory or WriteProcessMemory request was completed. (0x12B)
[0416/213852.695:ERROR:process_memory_win.cc(73)] ReadMemory at 0x1b57441f8c0 of 132 bytes failed: Only part of a ReadProcessMemory or WriteProcessMemory request was completed. (0x12B)
[0416/213852.695:ERROR:process_memory_win.cc(73)] ReadMemory at 0x1b5744206f0 of 62 bytes failed: Only part of a ReadProcessMemory or WriteProcessMemory request was completed. (0x12B)
[0416/213852.695:ERROR:process_memory_win.cc(73)] ReadMemory at 0x1b5744208d0 of 64 bytes failed: Only part of a ReadProcessMemory or WriteProcessMemory request was completed. (0x12B)
[0416/213852.695:ERROR:process_memory_win.cc(73)] ReadMemory at 0x1b574420970 of 64 bytes failed: Only part of a ReadProcessMemory or WriteProcessMemory request was completed. (0x12B)
[0416/213852.696:ERROR:process_memory_win.cc(73)] ReadMemory at 0x1b574420ab0 of 60 bytes failed: Only part of a ReadProcessMemory or WriteProcessMemory request was completed. (0x12B)
[0416/213852.696:ERROR:process_memory_win.cc(73)] ReadMemory at 0x1b574420bf0 of 66 bytes failed: Only part of a ReadProcessMemory or WriteProcessMemory request was completed. (0x12B)
[0416/213852.696:ERROR:process_memory_win.cc(73)] ReadMemory at 0x1b574420c40 of 62 bytes failed: Only part of a ReadProcessMemory or WriteProcessMemory request was completed. (0x12B)
[0416/213852.696:ERROR:process_memory_win.cc(73)] ReadMemory at 0x1b574420c90 of 64 bytes failed: Only part of a ReadProcessMemory or WriteProcessMemory request was completed. (0x12B)
[0416/213852.696:ERROR:process_memory_win.cc(73)] ReadMemory at 0x1b574421030 of 132 bytes failed: Only part of a ReadProcessMemory or WriteProcessMemory request was completed. (0x12B)
[0416/213852.696:ERROR:process_memory_win.cc(73)] ReadMemory at 0x1b574421160 of 146 bytes failed: Only part of a ReadProcessMemory or WriteProcessMemory request was completed. (0x12B)
[0416/213852.696:ERROR:process_memory_win.cc(73)] ReadMemory at 0x1b574421790 of 132 bytes failed: Only part of a ReadProcessMemory or WriteProcessMemory request was completed. (0x12B)
[0416/213852.696:ERROR:process_memory_win.cc(73)] ReadMemory at 0x1b574421ae0 of 132 bytes failed: Only part of a ReadProcessMemory or WriteProcessMemory request was completed. (0x12B)
[0416/213852.696:ERROR:process_memory_win.cc(73)] ReadMemory at 0x1b574421e50 of 132 bytes failed: Only part of a ReadProcessMemory or WriteProcessMemory request was completed. (0x12B)
[0416/213852.696:ERROR:process_memory_win.cc(73)] ReadMemory at 0x1b574421f80 of 132 bytes failed: Only part of a ReadProcessMemory or WriteProcessMemory request was completed. (0x12B)
[0416/213852.696:ERROR:process_memory_win.cc(73)] ReadMemory at 0x1b5744220b0 of 132 bytes failed: Only part of a ReadProcessMemory or WriteProcessMemory request was completed. (0x12B)
[0416/213852.696:ERROR:process_memory_win.cc(73)] ReadMemory at 0x1b5744221e0 of 132 bytes failed: Only part of a ReadProcessMemory or WriteProcessMemory request was completed. (0x12B)
[0416/213852.696:ERROR:process_memory_win.cc(73)] ReadMemory at 0x1b574422310 of 132 bytes failed: Only part of a ReadProcessMemory or WriteProcessMemory request was completed. (0x12B)
[0416/213852.696:ERROR:process_memory_win.cc(73)] ReadMemory at 0x1b574422440 of 132 bytes failed: Only part of a ReadProcessMemory or WriteProcessMemory request was completed. (0x12B)
[0416/213852.697:ERROR:process_memory_win.cc(73)] ReadMemory at 0x1b574422570 of 132 bytes failed: Only part of a ReadProcessMemory or WriteProcessMemory request was completed. (0x12B)
[0416/213852.697:ERROR:process_memory_win.cc(73)] ReadMemory at 0x1b5744227d0 of 132 bytes failed: Only part of a ReadProcessMemory or WriteProcessMemory request was completed. (0x12B)
[0416/213852.697:ERROR:process_memory_win.cc(73)] ReadMemory at 0x1b574422900 of 132 bytes failed: Only part of a ReadProcessMemory or WriteProcessMemory request was completed. (0x12B)
[0416/213852.697:ERROR:process_memory_win.cc(73)] ReadMemory at 0x1b574422a30 of 132 bytes failed: Only part of a ReadProcessMemory or WriteProcessMemory request was completed. (0x12B)
[0416/213852.697:ERROR:process_memory_win.cc(73)] ReadMemory at 0x1b574422b60 of 132 bytes failed: Only part of a ReadProcessMemory or WriteProcessMemory request was completed. (0x12B)
[0416/213852.697:ERROR:process_memory_win.cc(73)] ReadMemory at 0x1b574422c90 of 132 bytes failed: Only part of a ReadProcessMemory or WriteProcessMemory request was completed. (0x12B)
[0416/213852.697:ERROR:process_memory_win.cc(73)] ReadMemory at 0x1b574428df0 of 62 bytes failed: Only part of a ReadProcessMemory or WriteProcessMemory request was completed. (0x12B)
[0416/213852.697:ERROR:process_memory_win.cc(73)] ReadMemory at 0x1b574428f30 of 64 bytes failed: Only part of a ReadProcessMemory or WriteProcessMemory request was completed. (0x12B)
[0416/213852.697:ERROR:process_memory_win.cc(73)] ReadMemory at 0x1b574429020 of 64 bytes failed: Only part of a ReadProcessMemory or WriteProcessMemory request was completed. (0x12B)
[0416/213852.697:ERROR:process_memory_win.cc(73)] ReadMemory at 0x1b574429070 of 64 bytes failed: Only part of a ReadProcessMemory or WriteProcessMemory request was completed. (0x12B)
[0416/213852.697:ERROR:process_memory_win.cc(73)] ReadMemory at 0x1b574429110 of 62 bytes failed: Only part of a ReadProcessMemory or WriteProcessMemory request was completed. (0x12B)
[0416/213852.697:ERROR:process_memory_win.cc(73)] ReadMemory at 0x1b574429160 of 64 bytes failed: Only part of a ReadProcessMemory or WriteProcessMemory request was completed. (0x12B)
[0416/213852.697:ERROR:process_memory_win.cc(73)] ReadMemory at 0x1b5744291b0 of 58 bytes failed: Only part of a ReadProcessMemory or WriteProcessMemory request was completed. (0x12B)
[0416/213852.697:ERROR:process_memory_win.cc(73)] ReadMemory at 0x1b574429200 of 62 bytes failed: Only part of a ReadProcessMemory or WriteProcessMemory request was completed. (0x12B)
[0416/213852.698:ERROR:process_memory_win.cc(73)] ReadMemory at 0x1b574429390 of 62 bytes failed: Only part of a ReadProcessMemory or WriteProcessMemory request was completed. (0x12B)
[0416/213852.698:ERROR:process_memory_win.cc(73)] ReadMemory at 0x1b574429430 of 66 bytes failed: Only part of a ReadProcessMemory or WriteProcessMemory request was completed. (0x12B)
[0416/213852.698:ERROR:process_memory_win.cc(73)] ReadMemory at 0x1b574429570 of 62 bytes failed: Only part of a ReadProcessMemory or WriteProcessMemory request was completed. (0x12B)
[0416/213852.698:ERROR:process_memory_win.cc(73)] ReadMemory at 0x1b574429610 of 64 bytes failed: Only part of a ReadProcessMemory or WriteProcessMemory request was completed. (0x12B)
[0416/213852.698:ERROR:process_memory_win.cc(73)] ReadMemory at 0x1b574429700 of 68 bytes failed: Only part of a ReadProcessMemory or WriteProcessMemory request was completed. (0x12B)
[0416/213852.698:ERROR:process_memory_win.cc(73)] ReadMemory at 0x1b574429750 of 62 bytes failed: Only part of a ReadProcessMemory or WriteProcessMemory request was completed. (0x12B)
[0416/213852.698:ERROR:process_memory_win.cc(73)] ReadMemory at 0x1b5744297f0 of 60 bytes failed: Only part of a ReadProcessMemory or WriteProcessMemory request was completed. (0x12B)
[0416/213852.698:ERROR:process_memory_win.cc(73)] ReadMemory at 0x1b5744298e0 of 62 bytes failed: Only part of a ReadProcessMemory or WriteProcessMemory request was completed. (0x12B)
[0416/213852.698:ERROR:process_memory_win.cc(73)] ReadMemory at 0x1b574429a20 of 60 bytes failed: Only part of a ReadProcessMemory or WriteProcessMemory request was completed. (0x12B)
[0416/213852.698:ERROR:process_memory_win.cc(73)] ReadMemory at 0x1b574429b60 of 62 bytes failed: Only part of a ReadProcessMemory or WriteProcessMemory request was completed. (0x12B)
[0416/213852.698:ERROR:process_memory_win.cc(73)] ReadMemory at 0x1b574429c50 of 58 bytes failed: Only part of a ReadProcessMemory or WriteProcessMemory request was completed. (0x12B)
[0416/213852.698:ERROR:process_memory_win.cc(73)] ReadMemory at 0x1b574429ca0 of 60 bytes failed: Only part of a ReadProcessMemory or WriteProcessMemory request was completed. (0x12B)
[0416/213852.698:ERROR:process_memory_win.cc(73)] ReadMemory at 0x1b574429cf0 of 60 bytes failed: Only part of a ReadProcessMemory or WriteProcessMemory request was completed. (0x12B)
[0416/213852.698:ERROR:process_memory_win.cc(73)] ReadMemory at 0x1b57442b290 of 54 bytes failed: Only part of a ReadProcessMemory or WriteProcessMemory request was completed. (0x12B)
[0416/213852.698:ERROR:process_memory_win.cc(73)] ReadMemory at 0x1b57442f2c0 of 80 bytes failed: Only part of a ReadProcessMemory or WriteProcessMemory request was completed. (0x12B)
[0416/213852.698:ERROR:process_memory_win.cc(73)] ReadMemory at 0x1b57442fa40 of 76 bytes failed: Only part of a ReadProcessMemory or WriteProcessMemory request was completed. (0x12B)
[0416/213852.699:ERROR:process_memory_win.cc(73)] ReadMemory at 0x1b57442fd40 of 80 bytes failed: Only part of a ReadProcessMemory or WriteProcessMemory request was completed. (0x12B)
[0416/213852.699:ERROR:process_memory_win.cc(73)] ReadMemory at 0x1b5744370d0 of 132 bytes failed: Only part of a ReadProcessMemory or WriteProcessMemory request was completed. (0x12B)
[0416/213852.699:ERROR:process_memory_win.cc(73)] ReadMemory at 0x1b574437200 of 132 bytes failed: Only part of a ReadProcessMemory or WriteProcessMemory request was completed. (0x12B)
[0416/213852.699:ERROR:process_memory_win.cc(73)] ReadMemory at 0x1b574437330 of 132 bytes failed: Only part of a ReadProcessMemory or WriteProcessMemory request was completed. (0x12B)
[0416/213852.699:ERROR:process_memory_win.cc(73)] ReadMemory at 0x1b574437460 of 132 bytes failed: Only part of a ReadProcessMemory or WriteProcessMemory request was completed. (0x12B)
[0416/213852.699:ERROR:process_memory_win.cc(73)] ReadMemory at 0x1b5744377f0 of 132 bytes failed: Only part of a ReadProcessMemory or WriteProcessMemory request was completed. (0x12B)
[0416/213852.699:ERROR:process_memory_win.cc(73)] ReadMemory at 0x1b574437cb0 of 132 bytes failed: Only part of a ReadProcessMemory or WriteProcessMemory request was completed. (0x12B)
[0416/213852.699:ERROR:process_memory_win.cc(73)] ReadMemory at 0x1b574437f10 of 132 bytes failed: Only part of a ReadProcessMemory or WriteProcessMemory request was completed. (0x12B)
[0416/213852.699:ERROR:process_memory_win.cc(73)] ReadMemory at 0x1b574438170 of 132 bytes failed: Only part of a ReadProcessMemory or WriteProcessMemory request was completed. (0x12B)
[0416/213852.699:ERROR:process_memory_win.cc(73)] ReadMemory at 0x1b5744382a0 of 132 bytes failed: Only part of a ReadProcessMemory or WriteProcessMemory request was completed. (0x12B)
[0416/213852.699:ERROR:process_memory_win.cc(73)] ReadMemory at 0x1b5744383d0 of 132 bytes failed: Only part of a ReadProcessMemory or WriteProcessMemory request was completed. (0x12B)
[0416/213852.699:ERROR:process_memory_win.cc(73)] ReadMemory at 0x1b574438500 of 132 bytes failed: Only part of a ReadProcessMemory or WriteProcessMemory request was completed. (0x12B)
[0416/213852.699:ERROR:process_memory_win.cc(73)] ReadMemory at 0x1b574438630 of 132 bytes failed: Only part of a ReadProcessMemory or WriteProcessMemory request was completed. (0x12B)
[0416/213852.699:ERROR:process_memory_win.cc(73)] ReadMemory at 0x1b574438890 of 132 bytes failed: Only part of a ReadProcessMemory or WriteProcessMemory request was completed. (0x12B)
[0416/213852.700:ERROR:process_memory_win.cc(73)] ReadMemory at 0x1b5744389c0 of 132 bytes failed: Only part of a ReadProcessMemory or WriteProcessMemory request was completed. (0x12B)
[0416/213852.700:ERROR:process_memory_win.cc(73)] ReadMemory at 0x1b574438c20 of 132 bytes failed: Only part of a ReadProcessMemory or WriteProcessMemory request was completed. (0x12B)
[0416/213852.700:ERROR:process_memory_win.cc(73)] ReadMemory at 0x1b574438d50 of 132 bytes failed: Only part of a ReadProcessMemory or WriteProcessMemory request was completed. (0x12B)
[0416/213852.700:ERROR:process_memory_win.cc(73)] ReadMemory at 0x1b574438e80 of 132 bytes failed: Only part of a ReadProcessMemory or WriteProcessMemory request was completed. (0x12B)
[0416/213852.700:ERROR:process_memory_win.cc(73)] ReadMemory at 0x1b575187240 of 512 bytes failed: Only part of a ReadProcessMemory or WriteProcessMemory request was completed. (0x12B)
[0416/213852.707:ERROR:scoped_process_suspend.cc(40)] NtResumeProcess: An attempt was made to access an exiting process. (0xc000010a)
